<component name="libraryTable">
  <library name="junit-jupiter-5.8.2">
    <CLASSES>
      <root url="jar://$PROJECT_DIR$/resources/lib/junit-jupiter-5.8.2.jar!/" />
      <root url="jar://$PROJECT_DIR$/resources/lib/junit-jupiter-api-5.8.2.jar!/" />
    </CLASSES>
    <JAVADOC />
    <SOURCES />
  </library>
</component>